Build started 2020-11-26 오전 12:14:34.
     1>Project "C:\Users\626an\Documents\Visual Studio 2010\Projects2020\자구 프로그래밍 1\자구 프로그래밍 1\자구 프로그래밍 1.vcxproj" on node 2 (build target(s)).
     1>InitializeBuildStatus:
         Creating "Debug\자구 프로그래밍 1.unsuccessfulbuild" because "AlwaysCreate" was specified.
       ClCompile:
         C:\Program Files (x86)\Microsoft Visual Studio 10.0\VC\bin\CL.exe /c /ZI /nologo /W3 /WX- /Od /Oy- /D WIN32 /D _DEBUG /D _CONSOLE /D _UNICODE /D UNICODE /Gm /EHsc /RTC1 /MDd /GS /fp:precise /Zc:wchar_t /Zc:forScope /Fo"Debug\\" /Fd"Debug\vc100.pdb" /Gd /TC /analyze- /errorReport:prompt main.c
         main.c
     1>c:\users\626an\documents\visual studio 2010\projects2020\자구 프로그래밍 1\자구 프로그래밍 1\main.c(67): warning C4018: '<' : signed/unsigned mismatch
     1>c:\users\626an\documents\visual studio 2010\projects2020\자구 프로그래밍 1\자구 프로그래밍 1\main.c(94): warning C4013: 'icp' undefined; assuming extern returning int
     1>c:\users\626an\documents\visual studio 2010\projects2020\자구 프로그래밍 1\자구 프로그래밍 1\main.c(94): warning C4013: 'isp' undefined; assuming extern returning int
     1>c:\users\626an\documents\visual studio 2010\projects2020\자구 프로그래밍 1\자구 프로그래밍 1\main.c(127): warning C4047: '=' : 'char' differs in levels of indirection from 'void *'
     1>c:\users\626an\documents\visual studio 2010\projects2020\자구 프로그래밍 1\자구 프로그래밍 1\main.c(128): warning C4996: 'strcpy': This function or variable may be unsafe. Consider using strcpy_s instead. To disable deprecation, use _CRT_SECURE_NO_WARNINGS. See online help for details.
                 c:\program files (x86)\microsoft visual studio 10.0\vc\include\string.h(105) : see declaration of 'strcpy'
     1>c:\users\626an\documents\visual studio 2010\projects2020\자구 프로그래밍 1\자구 프로그래밍 1\main.c(220): warning C4013: 'pow' undefined; assuming extern returning int
     1>c:\users\626an\documents\visual studio 2010\projects2020\자구 프로그래밍 1\자구 프로그래밍 1\main.c(307): warning C4996: 'fopen': This function or variable may be unsafe. Consider using fopen_s instead. To disable deprecation, use _CRT_SECURE_NO_WARNINGS. See online help for details.
                 c:\program files (x86)\microsoft visual studio 10.0\vc\include\stdio.h(234) : see declaration of 'fopen'
     1>c:\users\626an\documents\visual studio 2010\projects2020\자구 프로그래밍 1\자구 프로그래밍 1\main.c(314): warning C4996: 'fscanf': This function or variable may be unsafe. Consider using fscanf_s instead. To disable deprecation, use _CRT_SECURE_NO_WARNINGS. See online help for details.
                 c:\program files (x86)\microsoft visual studio 10.0\vc\include\stdio.h(253) : see declaration of 'fscanf'
     1>c:\users\626an\documents\visual studio 2010\projects2020\자구 프로그래밍 1\자구 프로그래밍 1\main.c(304): warning C4101: 'j' : unreferenced local variable
       ManifestResourceCompile:
         All outputs are up-to-date.
       Link:
         C:\Program Files (x86)\Microsoft Visual Studio 10.0\VC\bin\link.exe /ERRORREPORT:PROMPT /OUT:"C:\Users\626an\Documents\Visual Studio 2010\Projects2020\자구 프로그래밍 1\Debug\자구 프로그래밍 1.exe" /INCREMENTAL /NOLOGO kernel32.lib user32.lib gdi32.lib winspool.lib comdlg32.lib advapi32.lib shell32.lib ole32.lib oleaut32.lib uuid.lib odbc32.lib odbccp32.lib /MANIFEST /ManifestFile:"Debug\자구 프로그래밍 1.exe.intermediate.manifest" /MANIFESTUAC:"level='asInvoker' uiAccess='false'" /DEBUG /PDB:"C:\Users\626an\Documents\Visual Studio 2010\Projects2020\자구 프로그래밍 1\Debug\자구 프로그래밍 1.pdb" /SUBSYSTEM:CONSOLE /TLBID:1 /DYNAMICBASE /NXCOMPAT /IMPLIB:"C:\Users\626an\Documents\Visual Studio 2010\Projects2020\자구 프로그래밍 1\Debug\자구 프로그래밍 1.lib" /MACHINE:X86 "Debug\자구 프로그래밍 1.exe.embed.manifest.res"
         Debug\main.obj
       Manifest:
         C:\Program Files (x86)\Microsoft SDKs\Windows\v7.0A\bin\mt.exe /nologo /verbose /out:"Debug\자구 프로그래밍 1.exe.embed.manifest" /manifest "Debug\자구 프로그래밍 1.exe.intermediate.manifest"
         All outputs are up-to-date.
       LinkEmbedManifest:
         All outputs are up-to-date.
         자구 프로그래밍 1.vcxproj -> C:\Users\626an\Documents\Visual Studio 2010\Projects2020\자구 프로그래밍 1\Debug\자구 프로그래밍 1.exe
       FinalizeBuildStatus:
         Deleting file "Debug\자구 프로그래밍 1.unsuccessfulbuild".
         Touching "Debug\자구 프로그래밍 1.lastbuildstate".
     1>Done Building Project "C:\Users\626an\Documents\Visual Studio 2010\Projects2020\자구 프로그래밍 1\자구 프로그래밍 1\자구 프로그래밍 1.vcxproj" (build target(s)).

Build succeeded.

Time Elapsed 00:00:03.70
